<?xml version="1.0" encoding="UTF-8"?>
<!-- Generated by org.testng.reporters.JUnitReportReporter -->
<testsuite skipped="0" hostname="INL-HXDLTC2" name="com.basic.test.TakeScreenShotTest" tests="1" failures="0" timestamp="13 Jan 2019 13:48:17 GMT" time="75.519" errors="0">
  <testcase name="takeScreenShotTest" time="75.519" classname="com.basic.test.TakeScreenShotTest"/>
</testsuite> <!-- com.basic.test.TakeScreenShotTest -->
