<?xml version="1.0" encoding="UTF-8"?>
<!-- Generated by org.testng.reporters.JUnitReportReporter -->
<testsuite skipped="0" hostname="INL-HXDLTC2" name="com.basic.test.BrowserWindowPopUpTest" tests="1" failures="0" timestamp="14 Jan 2019 09:32:40 GMT" time="76.737" errors="0">
  <testcase name="browserWindowPopUpTest" time="76.737" classname="com.basic.test.BrowserWindowPopUpTest"/>
</testsuite> <!-- com.basic.test.BrowserWindowPopUpTest -->
