<?xml version="1.0" encoding="UTF-8"?>
<!-- Generated by org.testng.reporters.JUnitReportReporter -->
<testsuite skipped="1" hostname="INL-HXDLTC2" name="com.basic.test.FileUploadPopUpTest" tests="2" failures="0" timestamp="14 Jan 2019 07:53:23 GMT" time="53.957" errors="0">
  <testcase name="fileUploadPopUpTest2" time="53.957" classname="com.basic.test.FileUploadPopUpTest"/>
  <testcase name="fileUploadPopUpTest1" classname="com.basic.test.FileUploadPopUpTest">
    <skipped/>
  </testcase> <!-- fileUploadPopUpTest1 -->
</testsuite> <!-- com.basic.test.FileUploadPopUpTest -->
