<?xml version="1.0" encoding="UTF-8"?>
<!-- Generated by org.testng.reporters.JUnitReportReporter -->
<testsuite skipped="0" hostname="Deeksha-PC" name="com.basic.test.Navigations" tests="2" failures="0" timestamp="16 Jun 2019 08:21:09 GMT" time="65.123" errors="0">
  <testcase name="navigations1" time="35.385" classname="com.basic.test.Navigations"/>
  <testcase name="navigations2" time="29.738" classname="com.basic.test.Navigations"/>
</testsuite> <!-- com.basic.test.Navigations -->
