<?xml version="1.0" encoding="UTF-8"?>
<!-- Generated by org.testng.reporters.JUnitReportReporter -->
<testsuite skipped="0" hostname="INL-HXDLTC2" name="com.parameterization.test.WithoutParameter" tests="1" failures="0" timestamp="08 Jan 2019 08:53:32 GMT" time="32.415" errors="0">
  <testcase name="testNoParameter" time="32.415" classname="com.parameterization.test.WithoutParameter"/>
</testsuite> <!-- com.parameterization.test.WithoutParameter -->
