<?xml version="1.0" encoding="UTF-8"?>
<!-- Generated by org.testng.reporters.JUnitReportReporter -->
<testsuite skipped="0" hostname="INL-HXDLTC2" name="com.basic.test.ChromeHeadlessTest" tests="1" failures="0" timestamp="13 Jan 2019 09:33:23 GMT" time="198.530" errors="0">
  <testcase name="findElementsTest" time="198.530" classname="com.basic.test.ChromeHeadlessTest"/>
</testsuite> <!-- com.basic.test.ChromeHeadlessTest -->
