<?xml version="1.0" encoding="UTF-8"?>
<!-- Generated by org.testng.reporters.JUnitReportReporter -->
<testsuite skipped="1" hostname="Deeksha-PC" name="com.basic.test.DropdownOtherThanAlreadySelected" tests="2" failures="0" timestamp="21 Sep 2019 13:20:19 GMT" time="18.372" errors="0">
  <testcase name="DropdownOtherThanAlreadySelectedWithUtilityMethods" time="18.372" classname="com.basic.test.DropdownOtherThanAlreadySelected"/>
  <testcase name="DropdownOtherThanAlreadySelected" classname="com.basic.test.DropdownOtherThanAlreadySelected">
    <skipped/>
  </testcase> <!-- DropdownOtherThanAlreadySelected -->
</testsuite> <!-- com.basic.test.DropdownOtherThanAlreadySelected -->
