<?xml version="1.0" encoding="UTF-8"?>
<!-- Generated by org.testng.reporters.JUnitReportReporter -->
<testsuite skipped="0" hostname="INL-HXDLTC2" name="com.basic.test.ExplicitWaitTest" tests="1" failures="0" timestamp="13 Jan 2019 14:10:17 GMT" time="64.919" errors="0">
  <testcase name="takeScreenShotTest" time="64.919" classname="com.basic.test.ExplicitWaitTest"/>
</testsuite> <!-- com.basic.test.ExplicitWaitTest -->
