<?xml version="1.0" encoding="UTF-8"?>
<!-- Generated by org.testng.reporters.JUnitReportReporter -->
<testsuite skipped="0" hostname="INL-HXDLTC2" name="com.basic.test.FindAllLinkTest" tests="1" failures="0" timestamp="12 Jan 2019 10:03:39 GMT" time="97.622" errors="0">
  <testcase name="findPageAllLink" time="97.622" classname="com.basic.test.FindAllLinkTest"/>
</testsuite> <!-- com.basic.test.FindAllLinkTest -->
