<?xml version="1.0" encoding="UTF-8"?>
<!-- Generated by org.testng.reporters.JUnitReportReporter -->
<testsuite skipped="0" hostname="INL-HXDLTC2" name="com.basic.test.FindElementTest" tests="1" failures="0" timestamp="13 Jan 2019 10:46:22 GMT" time="67.349" errors="0">
  <testcase name="findElementTest" time="67.349" classname="com.basic.test.FindElementTest"/>
</testsuite> <!-- com.basic.test.FindElementTest -->
