<?xml version="1.0" encoding="UTF-8"?>
<!-- Generated by org.testng.reporters.JUnitReportReporter -->
<testsuite skipped="0" hostname="INL-HXDLTC2" name="com.parameterization.test.TestNGXMLMultipleTest" tests="2" failures="0" timestamp="12 Jan 2019 08:22:28 GMT" time="137.161" errors="0">
  <testcase name="findElementTest" time="76.618" classname="com.parameterization.test.TestNGXMLMultipleTest"/>
  <testcase name="findElementsTest" time="60.543" classname="com.parameterization.test.TestNGXMLMultipleTest"/>
</testsuite> <!-- com.parameterization.test.TestNGXMLMultipleTest -->
