<?xml version="1.0" encoding="UTF-8"?>
<!-- Generated by org.testng.reporters.JUnitReportReporter -->
<testsuite skipped="0" hostname="INL-HXDLTC2" name="com.basic.test.ImplicitlyWaitTest" tests="1" failures="0" timestamp="13 Jan 2019 10:58:22 GMT" time="64.367" errors="0">
  <testcase name="implicitlyWaitTest" time="64.367" classname="com.basic.test.ImplicitlyWaitTest"/>
</testsuite> <!-- com.basic.test.ImplicitlyWaitTest -->
