<?xml version="1.0" encoding="UTF-8"?>
<!-- Generated by org.testng.reporters.JUnitReportReporter -->
<testsuite skipped="0" hostname="INL-HXDLTC2" name="com.basic.test.FindElementsTest" tests="1" failures="0" timestamp="13 Jan 2019 10:53:52 GMT" time="58.415" errors="0">
  <testcase name="findElementsTest" time="58.415" classname="com.basic.test.FindElementsTest"/>
</testsuite> <!-- com.basic.test.FindElementsTest -->
